{
    "numTotalTestSuites": 6,
    "numPassedTestSuites": 6,
    "numFailedTestSuites": 0,
    "numPendingTestSuites": 0,
    "numTotalTests": 7,
    "numPassedTests": 7,
    "numFailedTests": 0,
    "numPendingTests": 0,
    "numTodoTests": 0,
    "snapshot": {
        "added": 0,
        "failure": false,
        "filesAdded": 0,
        "filesRemoved": 0,
        "filesRemovedList": [],
        "filesUnmatched": 0,
        "filesUpdated": 0,
        "matched": 0,
        "total": 0,
        "unchecked": 0,
        "uncheckedKeysByFile": [],
        "unmatched": 0,
        "updated": 0,
        "didUpdate": false
    },
    "startTime": 1750446008508,
    "success": true,
    "testResults": [
        {
            "assertionResults": [
                {
                    "ancestorTitles": ["Accordion component"],
                    "fullName": "Accordion component Deve renderizar um Accordion com perguntas e respostas",
                    "status": "passed",
                    "title": "Deve renderizar um Accordion com perguntas e respostas",
                    "duration": 37.395499999999856,
                    "failureMessages": [],
                    "meta": {}
                }
            ],
            "startTime": 1750446009968,
            "endTime": 1750446010005.3955,
            "status": "passed",
            "message": "",
            "name": "C:/Users/Biro Loko/Desktop/desafio-tech-front-lacreisaude/front/src/app/components/ui/accordion/accordion.test.tsx"
        },
        {
            "assertionResults": [
                {
                    "ancestorTitles": ["CardContentContainer"],
                    "fullName": "CardContentContainer Deve ter algum profissional na tela e não aparecer uma mensagem de erro",
                    "status": "passed",
                    "title": "Deve ter algum profissional na tela e não aparecer uma mensagem de erro",
                    "duration": 85.25909999999999,
                    "failureMessages": [],
                    "meta": {}
                },
                {
                    "ancestorTitles": ["CardContentContainer"],
                    "fullName": "CardContentContainer Deve aparecer uma mensagem de erro se não houver profissional",
                    "status": "passed",
                    "title": "Deve aparecer uma mensagem de erro se não houver profissional",
                    "duration": 1.947499999999991,
                    "failureMessages": [],
                    "meta": {}
                }
            ],
            "startTime": 1750446010059,
            "endTime": 1750446010145.9475,
            "status": "passed",
            "message": "",
            "name": "C:/Users/Biro Loko/Desktop/desafio-tech-front-lacreisaude/front/src/app/components/ui/containers/cardContentContainer.test.tsx"
        },
        {
            "assertionResults": [
                {
                    "ancestorTitles": ["<Card />"],
                    "fullName": "<Card /> deve renderizar o nome e área do profissional",
                    "status": "passed",
                    "title": "deve renderizar o nome e área do profissional",
                    "duration": 76.44910000000004,
                    "failureMessages": [],
                    "meta": {}
                },
                {
                    "ancestorTitles": ["<Card />"],
                    "fullName": "<Card /> deve renderizar as tags corretamente",
                    "status": "passed",
                    "title": "deve renderizar as tags corretamente",
                    "duration": 8.14610000000016,
                    "failureMessages": [],
                    "meta": {}
                },
                {
                    "ancestorTitles": ["<Card />"],
                    "fullName": "<Card /> deve mostrar os dados da consulta",
                    "status": "passed",
                    "title": "deve mostrar os dados da consulta",
                    "duration": 9.788099999999986,
                    "failureMessages": [],
                    "meta": {}
                },
                {
                    "ancestorTitles": ["<Card />"],
                    "fullName": "<Card /> deve renderizar o botão de agendar",
                    "status": "passed",
                    "title": "deve renderizar o botão de agendar",
                    "duration": 39.16169999999988,
                    "failureMessages": [],
                    "meta": {}
                }
            ],
            "startTime": 1750446010059,
            "endTime": 1750446010192.1616,
            "status": "passed",
            "message": "",
            "name": "C:/Users/Biro Loko/Desktop/desafio-tech-front-lacreisaude/front/src/app/components/ui/card/card.test.tsx"
        }
    ]
}
